<?xml version="1.0" encoding="UTF-8"?>
<testng-results ignored="0" total="1" passed="1" failed="0" skipped="0">
  <reporter-output>
    <line>
      <![CDATA[Test Case Passed for Pin page and Pin validated succesfully]]>
    </line>
    <line>
      <![CDATA[Validating UserID]]>
    </line>
    <line>
      <![CDATA[User ID Matching, TC 13 is passed]]>
    </line>
    <line>
      <![CDATA[Taking screenshot]]>
    </line>
    <line>
      <![CDATA[Logging out from kite app]]>
    </line>
    <line>
      <![CDATA[closing Browser]]>
    </line>
  </reporter-output>
  <suite started-at="2021-12-18T15:11:03 IST" name="Default suite" finished-at="2021-12-18T15:12:19 IST" duration-ms="75617">
    <groups>
    </groups>
    <test started-at="2021-12-18T15:11:03 IST" name="Default test" finished-at="2021-12-18T15:12:19 IST" duration-ms="75617">
      <class name="testNG.ZerodhakiteAppTest">
        <test-method is-config="true" signature="intitbrowser()[pri:0, instance:testNG.ZerodhakiteAppTest@21e360a]" started-at="2021-12-18T15:11:03 IST" name="intitbrowser" finished-at="2021-12-18T15:12:13 IST" duration-ms="70018" status="PASS">
          <reporter-output>
          </reporter-output>
        </test-method> <!-- intitbrowser -->
        <test-method is-config="true" signature="logging_into_app()[pri:0, instance:testNG.ZerodhakiteAppTest@21e360a]" started-at="2021-12-18T15:12:13 IST" name="logging_into_app" finished-at="2021-12-18T15:12:14 IST" duration-ms="670" status="PASS">
          <reporter-output>
            <line>
              <![CDATA[Test Case Passed for Pin page and Pin validated succesfully]]>
            </line>
          </reporter-output>
        </test-method> <!-- logging_into_app -->
        <test-method signature="UserIDValid()[pri:0, instance:testNG.ZerodhakiteAppTest@21e360a]" started-at="2021-12-18T15:12:14 IST" name="UserIDValid" finished-at="2021-12-18T15:12:17 IST" duration-ms="3013" status="PASS">
          <reporter-output>
            <line>
              <![CDATA[Validating UserID]]>
            </line>
            <line>
              <![CDATA[User ID Matching, TC 13 is passed]]>
            </line>
            <line>
              <![CDATA[Taking screenshot]]>
            </line>
          </reporter-output>
        </test-method> <!-- UserIDValid -->
        <test-method is-config="true" signature="logout()[pri:0, instance:testNG.ZerodhakiteAppTest@21e360a]" started-at="2021-12-18T15:12:17 IST" name="logout" finished-at="2021-12-18T15:12:17 IST" duration-ms="493" status="PASS">
          <reporter-output>
            <line>
              <![CDATA[Logging out from kite app]]>
            </line>
          </reporter-output>
        </test-method> <!-- logout -->
        <test-method is-config="true" signature="closebrowser()[pri:0, instance:testNG.ZerodhakiteAppTest@21e360a]" started-at="2021-12-18T15:12:17 IST" name="closebrowser" finished-at="2021-12-18T15:12:19 IST" duration-ms="1310" status="PASS">
          <reporter-output>
            <line>
              <![CDATA[closing Browser]]>
            </line>
          </reporter-output>
        </test-method> <!-- closebrowser -->
      </class> <!-- testNG.ZerodhakiteAppTest -->
    </test> <!-- Default test -->
  </suite> <!-- Default suite -->
</testng-results>
